<?xml version="1.0" encoding="UTF-8"?>
<!-- Generated by org.testng.reporters.JUnitReportReporter -->
<testsuite hostname="LPTP-DD" failures="0" tests="1" name="Project3_Amazon_Run.implementation" time="10.849" errors="0" timestamp="2023-11-01T14:54:07 EDT" skipped="0">
  <testcase classname="Project3_Amazon_Run.implementation" name="productdetails_Verification" time="10.849"/>
</testsuite> <!-- Project3_Amazon_Run.implementation -->
